\BOOKMARK [1][-]{section*.1}{Glossary}{}% 1
\BOOKMARK [1][-]{section.1}{Introduction}{}% 2
\BOOKMARK [1][-]{section.2}{Contexte du stage}{}% 3
\BOOKMARK [2][-]{subsection.2.1}{Le groupe IDLOG}{section.2}% 4
\BOOKMARK [2][-]{subsection.2.2}{Entreprise}{section.2}% 5
\BOOKMARK [2][-]{subsection.2.3}{Environnement de travail}{section.2}% 6
\BOOKMARK [2][-]{subsection.2.4}{Le projet Topaze Web et la gamme Topaze}{section.2}% 7
\BOOKMARK [2][-]{subsection.2.5}{Mission}{section.2}% 8
\BOOKMARK [1][-]{section.3}{Probl\351matique}{}% 9
\BOOKMARK [2][-]{subsection.3.1}{Contexte du projet}{section.3}% 10
\BOOKMARK [3][-]{subsubsection.3.1.1}{Mise en place du projet}{subsection.3.1}% 11
\BOOKMARK [3][-]{subsubsection.3.1.2}{Sprint 1}{subsection.3.1}% 12
\BOOKMARK [3][-]{subsubsection.3.1.3}{Sprint 2}{subsection.3.1}% 13
\BOOKMARK [3][-]{subsubsection.3.1.4}{Sprint 3}{subsection.3.1}% 14
\BOOKMARK [3][-]{subsubsection.3.1.5}{Sprint 3}{subsection.3.1}% 15
\BOOKMARK [2][-]{subsection.3.2}{Travail \340 r\351aliser}{section.3}% 16
\BOOKMARK [3][-]{subsubsection.3.2.1}{Les fonctionnalit\351s du dossier m\351dical dans Topaze Maestro}{subsection.3.2}% 17
\BOOKMARK [2][-]{subsection.3.3}{Les objectifs pr\351cis attendus}{section.3}% 18
\BOOKMARK [2][-]{subsection.3.4}{Les enjeux pour l'entreprise}{section.3}% 19
\BOOKMARK [1][-]{section.4}{Solutions techniques}{}% 20
\BOOKMARK [2][-]{subsection.4.1}{Synth\350se de l'existant}{section.4}% 21
\BOOKMARK [3][-]{subsubsection.4.1.1}{Architecture logicielle}{subsection.4.1}% 22
\BOOKMARK [3][-]{subsubsection.4.1.2}{Technologies utilis\351es}{subsection.4.1}% 23
\BOOKMARK [2][-]{subsection.4.2}{Solution envisag\351e}{section.4}% 24
\BOOKMARK [3][-]{subsubsection.4.2.1}{Conception et impl\351mentation du dossier m\351dical}{subsection.4.2}% 25
\BOOKMARK [3][-]{subsubsection.4.2.2}{Choix et int\351gration de l'\351diteur de texte}{subsection.4.2}% 26
\BOOKMARK [3][-]{subsubsection.4.2.3}{La biblioth\350que d'images}{subsection.4.2}% 27
\BOOKMARK [3][-]{subsubsection.4.2.4}{Les "placeholders"}{subsection.4.2}% 28
\BOOKMARK [3][-]{subsubsection.4.2.5}{Les mod\350les de texte}{subsection.4.2}% 29
\BOOKMARK [3][-]{subsubsection.4.2.6}{Introduction du concept de poste utilisateur dans le driver Pyvital}{subsection.4.2}% 30
\BOOKMARK [3][-]{subsubsection.4.2.7}{Les scans d'ordonnances}{subsection.4.2}% 31
\BOOKMARK [3][-]{subsubsection.4.2.8}{Installateur Windows pour le driver}{subsection.4.2}% 32
\BOOKMARK [2][-]{subsection.4.3}{Protocole d'\351valuation}{section.4}% 33
\BOOKMARK [3][-]{subsubsection.4.3.1}{Evaluation de la qualit\351 du code}{subsection.4.3}% 34
\BOOKMARK [3][-]{subsubsection.4.3.2}{Evaluation fonctionnelle du logiciel}{subsection.4.3}% 35
\BOOKMARK [1][-]{section.5}{Planning pr\351visionnel et r\351alis\351}{}% 36
\BOOKMARK [2][-]{subsection.5.1}{Sprint 1}{section.5}% 37
\BOOKMARK [2][-]{subsection.5.2}{Sprint 2}{section.5}% 38
\BOOKMARK [2][-]{subsection.5.3}{Sprint 3}{section.5}% 39
\BOOKMARK [1][-]{section.6}{Outils d'assistance au d\351veloppement utilis\351s.}{}% 40
\BOOKMARK [1][-]{section.7}{M\351thode de travail employ\351e}{}% 41
\BOOKMARK [1][-]{section.8}{Evaluation du co\373t du projet r\351alis\351}{}% 42
\BOOKMARK [2][-]{subsection.8.1}{Journ\351e type et \351v\350nements.}{section.8}% 43
\BOOKMARK [2][-]{subsection.8.2}{Difficult\351s rencontr\351es}{section.8}% 44
\BOOKMARK [1][-]{section*.2}{Annexes}{}% 45
